# JRE version: OpenJDK Runtime Environment (8.0_152-b01) (build 1.8.0_152-release-915-b01)
# Java VM: OpenJDK 64-Bit Server VM (25.152-b01 mixed mode linux-amd64 compressed oops)
Heap:
 PSYoungGen      total 231936K, used 18141K [0x00000000e0000000, 0x00000000f2100000, 0x0000000100000000)
  eden space 209920K, 0% used [0x00000000e0000000,0x00000000e0000000,0x00000000ecd00000)
  from space 22016K, 82% used [0x00000000ee480000,0x00000000ef637510,0x00000000efa00000)
  to   space 24064K, 0% used [0x00000000ecd00000,0x00000000ecd00000,0x00000000ee480000)
 ParOldGen       total 59392K, used 25065K [0x00000000a0000000, 0x00000000a3a00000, 0x00000000e0000000)
  object space 59392K, 42% used [0x00000000a0000000,0x00000000a187a748,0x00000000a3a00000)
 Metaspace       used 56944K, capacity 58884K, committed 58968K, reserved 1099776K
  class space    used 7565K, capacity 8011K, committed 8064K, reserved 1048576K
GC Heap History (10 events):
Event: 10,663 GC heap after
Heap after GC invocations=10 (full 2):
 PSYoungGen      total 145920K, used 0K [0x00000000e0000000, 0x00000000ec500000, 0x0000000100000000)
  eden space 135168K, 0% used [0x00000000e0000000,0x00000000e0000000,0x00000000e8400000)
  from space 10752K, 0% used [0x00000000e8f80000,0x00000000e8f80000,0x00000000e9a00000)
  to   space 11776K, 0% used [0x00000000e8400000,0x00000000e8400000,0x00000000e8f80000)
 ParOldGen       total 59392K, used 15480K [0x00000000a0000000, 0x00000000a3a00000, 0x00000000e0000000)
  object space 59392K, 26% used [0x00000000a0000000,0x00000000a0f1e140,0x00000000a3a00000)
 Metaspace       used 34473K, capacity 35204K, committed 35416K, reserved 1079296K
  class space    used 4697K, capacity 4934K, committed 4992K, reserved 1048576K
}
Event: 13,420 GC heap before
{Heap before GC invocations=11 (full 2):
 PSYoungGen      total 145920K, used 135168K [0x00000000e0000000, 0x00000000ec500000, 0x0000000100000000)
  eden space 135168K, 100% used [0x00000000e0000000,0x00000000e8400000,0x00000000e8400000)
  from space 10752K, 0% used [0x00000000e8f80000,0x00000000e8f80000,0x00000000e9a00000)
  to   space 11776K, 0% used [0x00000000e8400000,0x00000000e8400000,0x00000000e8f80000)
 ParOldGen       total 59392K, used 15480K [0x00000000a0000000, 0x00000000a3a00000, 0x00000000e0000000)
  object space 59392K, 26% used [0x00000000a0000000,0x00000000a0f1e140,0x00000000a3a00000)
 Metaspace       used 45688K, capacity 46702K, committed 46936K, reserved 1089536K
  class space    used 6141K, capacity 6468K, committed 6528K, reserved 1048576K
Event: 13,449 GC heap after
Heap after GC invocations=11 (full 2):
 PSYoungGen      total 146944K, used 11774K [0x00000000e0000000, 0x00000000ec200000, 0x0000000100000000)
  eden space 135168K, 0% used [0x00000000e0000000,0x00000000e0000000,0x00000000e8400000)
  from space 11776K, 99% used [0x00000000e8400000,0x00000000e8f7fae8,0x00000000e8f80000)
  to   space 14848K, 0% used [0x00000000eb380000,0x00000000eb380000,0x00000000ec200000)
 ParOldGen       total 59392K, used 18126K [0x00000000a0000000, 0x00000000a3a00000, 0x00000000e0000000)
  object space 59392K, 30% used [0x00000000a0000000,0x00000000a11b38e0,0x00000000a3a00000)
 Metaspace       used 45688K, capacity 46702K, committed 46936K, reserved 1089536K
  class space    used 6141K, capacity 6468K, committed 6528K, reserved 1048576K
}
Event: 15,625 GC heap before
{Heap before GC invocations=12 (full 2):
 PSYoungGen      total 146944K, used 146942K [0x00000000e0000000, 0x00000000ec200000, 0x0000000100000000)
  eden space 135168K, 100% used [0x00000000e0000000,0x00000000e8400000,0x00000000e8400000)
  from space 11776K, 99% used [0x00000000e8400000,0x00000000e8f7fae8,0x00000000e8f80000)
  to   space 14848K, 0% used [0x00000000eb380000,0x00000000eb380000,0x00000000ec200000)
 ParOldGen       total 59392K, used 18126K [0x00000000a0000000, 0x00000000a3a00000, 0x00000000e0000000)
  object space 59392K, 30% used [0x00000000a0000000,0x00000000a11b38e0,0x00000000a3a00000)
 Metaspace       used 51214K, capacity 53004K, committed 53208K, reserved 1095680K
  class space    used 6947K, capacity 7383K, committed 7424K, reserved 1048576K
Event: 15,685 GC heap after
Heap after GC invocations=12 (full 2):
 PSYoungGen      total 180736K, used 14838K [0x00000000e0000000, 0x00000000ecc80000, 0x0000000100000000)
  eden space 165888K, 0% used [0x00000000e0000000,0x00000000e0000000,0x00000000ea200000)
  from space 14848K, 99% used [0x00000000eb380000,0x00000000ec1fd978,0x00000000ec200000)
  to   space 17920K, 0% used [0x00000000ea200000,0x00000000ea200000,0x00000000eb380000)
 ParOldGen       total 59392K, used 21851K [0x00000000a0000000, 0x00000000a3a00000, 0x00000000e0000000)
  object space 59392K, 36% used [0x00000000a0000000,0x00000000a1556e38,0x00000000a3a00000)
 Metaspace       used 51214K, capacity 53004K, committed 53208K, reserved 1095680K
  class space    used 6947K, capacity 7383K, committed 7424K, reserved 1048576K
}
Event: 21,285 GC heap before
{Heap before GC invocations=13 (full 2):
 PSYoungGen      total 180736K, used 180726K [0x00000000e0000000, 0x00000000ecc80000, 0x0000000100000000)
  eden space 165888K, 100% used [0x00000000e0000000,0x00000000ea200000,0x00000000ea200000)
  from space 14848K, 99% used [0x00000000eb380000,0x00000000ec1fd978,0x00000000ec200000)
  to   space 17920K, 0% used [0x00000000ea200000,0x00000000ea200000,0x00000000eb380000)
 ParOldGen       total 59392K, used 21851K [0x00000000a0000000, 0x00000000a3a00000, 0x00000000e0000000)
  object space 59392K, 36% used [0x00000000a0000000,0x00000000a1556e38,0x00000000a3a00000)
 Metaspace       used 55924K, capacity 57740K, committed 58072K, reserved 1099776K
  class space    used 7470K, capacity 7911K, committed 7936K, reserved 1048576K
Event: 21,373 GC heap after
Heap after GC invocations=13 (full 2):
 PSYoungGen      total 183808K, used 17897K [0x00000000e0000000, 0x00000000efa00000, 0x0000000100000000)
  eden space 165888K, 0% used [0x00000000e0000000,0x00000000e0000000,0x00000000ea200000)
  from space 17920K, 99% used [0x00000000ea200000,0x00000000eb37a6e0,0x00000000eb380000)
  to   space 22016K, 0% used [0x00000000ee480000,0x00000000ee480000,0x00000000efa00000)
 ParOldGen       total 59392K, used 25057K [0x00000000a0000000, 0x00000000a3a00000, 0x00000000e0000000)
  object space 59392K, 42% used [0x00000000a0000000,0x00000000a1878748,0x00000000a3a00000)
 Metaspace       used 55924K, capacity 57740K, committed 58072K, reserved 1099776K
  class space    used 7470K, capacity 7911K, committed 7936K, reserved 1048576K
}
Event: 21,595 GC heap before
{Heap before GC invocations=14 (full 2):
 PSYoungGen      total 183808K, used 25375K [0x00000000e0000000, 0x00000000efa00000, 0x0000000100000000)
  eden space 165888K, 4% used [0x00000000e0000000,0x00000000e074d628,0x00000000ea200000)
  from space 17920K, 99% used [0x00000000ea200000,0x00000000eb37a6e0,0x00000000eb380000)
  to   space 22016K, 0% used [0x00000000ee480000,0x00000000ee480000,0x00000000efa00000)
 ParOldGen       total 59392K, used 25057K [0x00000000a0000000, 0x00000000a3a00000, 0x00000000e0000000)
  object space 59392K, 42% used [0x00000000a0000000,0x00000000a1878748,0x00000000a3a00000)
 Metaspace       used 56944K, capacity 58884K, committed 58968K, reserved 1099776K
  class space    used 7565K, capacity 8011K, committed 8064K, reserved 1048576K
Event: 21,690 GC heap after
Heap after GC invocations=14 (full 2):
 PSYoungGen      total 231936K, used 18141K [0x00000000e0000000, 0x00000000f2100000, 0x0000000100000000)
  eden space 209920K, 0% used [0x00000000e0000000,0x00000000e0000000,0x00000000ecd00000)
  from space 22016K, 82% used [0x00000000ee480000,0x00000000ef637510,0x00000000efa00000)
  to   space 24064K, 0% used [0x00000000ecd00000,0x00000000ecd00000,0x00000000ee480000)
 ParOldGen       total 59392K, used 25065K [0x00000000a0000000, 0x00000000a3a00000, 0x00000000e0000000)
  object space 59392K, 42% used [0x00000000a0000000,0x00000000a187a748,0x00000000a3a00000)
 Metaspace       used 56944K, capacity 58884K, committed 58968K, reserved 1099776K
  class space    used 7565K, capacity 8011K, committed 8064K, reserved 1048576K
}
Event: 21,690 GC heap before
{Heap before GC invocations=15 (full 3):
 PSYoungGen      total 231936K, used 18141K [0x00000000e0000000, 0x00000000f2100000, 0x0000000100000000)
  eden space 209920K, 0% used [0x00000000e0000000,0x00000000e0000000,0x00000000ecd00000)
  from space 22016K, 82% used [0x00000000ee480000,0x00000000ef637510,0x00000000efa00000)
  to   space 24064K, 0% used [0x00000000ecd00000,0x00000000ecd00000,0x00000000ee480000)
 ParOldGen       total 59392K, used 25065K [0x00000000a0000000, 0x00000000a3a00000, 0x00000000e0000000)
  object space 59392K, 42% used [0x00000000a0000000,0x00000000a187a748,0x00000000a3a00000)
 Metaspace       used 56944K, capacity 58884K, committed 58968K, reserved 1099776K
  class space    used 7565K, capacity 8011K, committed 8064K, reserved 1048576K

